{
  "uid" : "b21984f4ed8ce825",
  "name" : "test_zsearchUser[username0]",
  "fullName" : "cases.test_login.Test_login#test_zsearchUser",
  "historyId" : "d59ef88bd3200bce00432f4c46176a51",
  "time" : {
    "start" : 1613289845166,
    "stop" : 1613289860762,
    "duration" : 15596
  },
  "status" : "broken",
  "statusMessage" : "selenium.common.exceptions.NoSuchElementException: Message: no such element: Unable to locate element: {\"method\":\"xpath\",\"selector\":\"//*[@id=\"app\"]/div/div/section/div/div[1]/div/input\"}\n  (Session info: chrome=88.0.4324.150)",
  "statusTrace" : "self = <pytest_test.cases.test_login.Test_login object at 0x02CA9E70>\nusername = {'cases': [{'method': 'getUrl', 'name': '打开用户管理页面', 'url': 'http://boxadmin.smartbearkit.com/#/baseManager/userManager...r': '//*[@id=\"app\"]/div/div/section/div/div[1]/button[1]/span', 'method': 'click', 'name': '点击登录'}], 'title': '用户管理查询'}\n\n    @allure.story(\"用户界面搜索用例\")\n    @pytest.mark.parametrize('username',datas['userManagePage'])\n    def test_zsearchUser(self,username):\n        casedatas = username['cases']\n        log.info(casedatas)\n        for cases in (casedatas):\n            listcase = list(cases.values())\n            with allure.step(listcase[0]):\n                print(listcase)\n                func = getattr(self.web, listcase[1])\n                values = listcase[2:]\n>               func(*values)\n\ncases\\test_login.py:48: \n_ _ _ _ _ _ _ _ _ _ _ _ _ _ _ _ _ _ _ _ _ _ _ _ _ _ _ _ _ _ _ _ _ _ _ _ _ _ _ _\noperate\\webKeywords.py:70: in input\n    ele =self.__find_element(locator)\noperate\\webKeywords.py:51: in __find_element\n    ele = self.driver.find_element_by_xpath(locator)\nvenv\\lib\\site-packages\\selenium\\webdriver\\remote\\webdriver.py:394: in find_element_by_xpath\n    return self.find_element(by=By.XPATH, value=xpath)\nvenv\\lib\\site-packages\\selenium\\webdriver\\remote\\webdriver.py:978: in find_element\n    'value': value})['value']\nvenv\\lib\\site-packages\\selenium\\webdriver\\remote\\webdriver.py:321: in execute\n    self.error_handler.check_response(response)\n_ _ _ _ _ _ _ _ _ _ _ _ _ _ _ _ _ _ _ _ _ _ _ _ _ _ _ _ _ _ _ _ _ _ _ _ _ _ _ _\n\nself = <selenium.webdriver.remote.errorhandler.ErrorHandler object at 0x02CA9A30>\nresponse = {'status': 404, 'value': '{\"value\":{\"error\":\"no such element\",\"message\":\"no such element: Unable to locate element: {\\...7B7EFAC+18]\\\\n\\\\tRtlInitializeExceptionChain [0x77A23618+239]\\\\n\\\\tRtlInitializeExceptionChain [0x77A235EB+194]\\\\n\"}}'}\n\n    def check_response(self, response):\n        \"\"\"\n        Checks that a JSON response from the WebDriver does not have an error.\n    \n        :Args:\n         - response - The JSON response from the WebDriver server as a dictionary\n           object.\n    \n        :Raises: If the response contains an error message.\n        \"\"\"\n        status = response.get('status', None)\n        if status is None or status == ErrorCode.SUCCESS:\n            return\n        value = None\n        message = response.get(\"message\", \"\")\n        screen = response.get(\"screen\", \"\")\n        stacktrace = None\n        if isinstance(status, int):\n            value_json = response.get('value', None)\n            if value_json and isinstance(value_json, basestring):\n                import json\n                try:\n                    value = json.loads(value_json)\n                    if len(value.keys()) == 1:\n                        value = value['value']\n                    status = value.get('error', None)\n                    if status is None:\n                        status = value[\"status\"]\n                        message = value[\"value\"]\n                        if not isinstance(message, basestring):\n                            value = message\n                            message = message.get('message')\n                    else:\n                        message = value.get('message', None)\n                except ValueError:\n                    pass\n    \n        exception_class = ErrorInResponseException\n        if status in ErrorCode.NO_SUCH_ELEMENT:\n            exception_class = NoSuchElementException\n        elif status in ErrorCode.NO_SUCH_FRAME:\n            exception_class = NoSuchFrameException\n        elif status in ErrorCode.NO_SUCH_WINDOW:\n            exception_class = NoSuchWindowException\n        elif status in ErrorCode.STALE_ELEMENT_REFERENCE:\n            exception_class = StaleElementReferenceException\n        elif status in ErrorCode.ELEMENT_NOT_VISIBLE:\n            exception_class = ElementNotVisibleException\n        elif status in ErrorCode.INVALID_ELEMENT_STATE:\n            exception_class = InvalidElementStateException\n        elif status in ErrorCode.INVALID_SELECTOR \\\n                or status in ErrorCode.INVALID_XPATH_SELECTOR \\\n                or status in ErrorCode.INVALID_XPATH_SELECTOR_RETURN_TYPER:\n            exception_class = InvalidSelectorException\n        elif status in ErrorCode.ELEMENT_IS_NOT_SELECTABLE:\n            exception_class = ElementNotSelectableException\n        elif status in ErrorCode.ELEMENT_NOT_INTERACTABLE:\n            exception_class = ElementNotInteractableException\n        elif status in ErrorCode.INVALID_COOKIE_DOMAIN:\n            exception_class = InvalidCookieDomainException\n        elif status in ErrorCode.UNABLE_TO_SET_COOKIE:\n            exception_class = UnableToSetCookieException\n        elif status in ErrorCode.TIMEOUT:\n            exception_class = TimeoutException\n        elif status in ErrorCode.SCRIPT_TIMEOUT:\n            exception_class = TimeoutException\n        elif status in ErrorCode.UNKNOWN_ERROR:\n            exception_class = WebDriverException\n        elif status in ErrorCode.UNEXPECTED_ALERT_OPEN:\n            exception_class = UnexpectedAlertPresentException\n        elif status in ErrorCode.NO_ALERT_OPEN:\n            exception_class = NoAlertPresentException\n        elif status in ErrorCode.IME_NOT_AVAILABLE:\n            exception_class = ImeNotAvailableException\n        elif status in ErrorCode.IME_ENGINE_ACTIVATION_FAILED:\n            exception_class = ImeActivationFailedException\n        elif status in ErrorCode.MOVE_TARGET_OUT_OF_BOUNDS:\n            exception_class = MoveTargetOutOfBoundsException\n        elif status in ErrorCode.JAVASCRIPT_ERROR:\n            exception_class = JavascriptException\n        elif status in ErrorCode.SESSION_NOT_CREATED:\n            exception_class = SessionNotCreatedException\n        elif status in ErrorCode.INVALID_ARGUMENT:\n            exception_class = InvalidArgumentException\n        elif status in ErrorCode.NO_SUCH_COOKIE:\n            exception_class = NoSuchCookieException\n        elif status in ErrorCode.UNABLE_TO_CAPTURE_SCREEN:\n            exception_class = ScreenshotException\n        elif status in ErrorCode.ELEMENT_CLICK_INTERCEPTED:\n            exception_class = ElementClickInterceptedException\n        elif status in ErrorCode.INSECURE_CERTIFICATE:\n            exception_class = InsecureCertificateException\n        elif status in ErrorCode.INVALID_COORDINATES:\n            exception_class = InvalidCoordinatesException\n        elif status in ErrorCode.INVALID_SESSION_ID:\n            exception_class = InvalidSessionIdException\n        elif status in ErrorCode.UNKNOWN_METHOD:\n            exception_class = UnknownMethodException\n        else:\n            exception_class = WebDriverException\n        if value == '' or value is None:\n            value = response['value']\n        if isinstance(value, basestring):\n            if exception_class == ErrorInResponseException:\n                raise exception_class(response, value)\n            raise exception_class(value)\n        if message == \"\" and 'message' in value:\n            message = value['message']\n    \n        screen = None\n        if 'screen' in value:\n            screen = value['screen']\n    \n        stacktrace = None\n        if 'stackTrace' in value and value['stackTrace']:\n            stacktrace = []\n            try:\n                for frame in value['stackTrace']:\n                    line = self._value_or_default(frame, 'lineNumber', '')\n                    file = self._value_or_default(frame, 'fileName', '<anonymous>')\n                    if line:\n                        file = \"%s:%s\" % (file, line)\n                    meth = self._value_or_default(frame, 'methodName', '<anonymous>')\n                    if 'className' in frame:\n                        meth = \"%s.%s\" % (frame['className'], meth)\n                    msg = \"    at %s (%s)\"\n                    msg = msg % (meth, file)\n                    stacktrace.append(msg)\n            except TypeError:\n                pass\n        if exception_class == ErrorInResponseException:\n            raise exception_class(response, message)\n        elif exception_class == UnexpectedAlertPresentException:\n            alert_text = None\n            if 'data' in value:\n                alert_text = value['data'].get('text')\n            elif 'alert' in value:\n                alert_text = value['alert'].get('text')\n            raise exception_class(message, screen, stacktrace, alert_text)\n>       raise exception_class(message, screen, stacktrace)\nE       selenium.common.exceptions.NoSuchElementException: Message: no such element: Unable to locate element: {\"method\":\"xpath\",\"selector\":\"//*[@id=\"app\"]/div/div/section/div/div[1]/div/input\"}\nE         (Session info: chrome=88.0.4324.150)\n\nvenv\\lib\\site-packages\\selenium\\webdriver\\remote\\errorhandler.py:242: NoSuchElementException",
  "flaky" : false,
  "newFailed" : false,
  "beforeStages" : [ {
    "name" : "xunit_setup_class_fixture_Test_login",
    "time" : {
      "start" : 1613289826387,
      "stop" : 1613289832275,
      "duration" : 5888
    },
    "status" : "passed",
    "steps" : [ ],
    "attachments" : [ ],
    "parameters" : [ ],
    "stepsCount" : 0,
    "hasContent" : false,
    "attachmentsCount" : 0,
    "shouldDisplayMessage" : false
  }, {
    "name" : "browser",
    "time" : {
      "start" : 1613289823419,
      "stop" : 1613289826386,
      "duration" : 2967
    },
    "status" : "passed",
    "steps" : [ ],
    "attachments" : [ ],
    "parameters" : [ ],
    "stepsCount" : 0,
    "hasContent" : false,
    "attachmentsCount" : 0,
    "shouldDisplayMessage" : false
  } ],
  "testStage" : {
    "status" : "broken",
    "statusMessage" : "selenium.common.exceptions.NoSuchElementException: Message: no such element: Unable to locate element: {\"method\":\"xpath\",\"selector\":\"//*[@id=\"app\"]/div/div/section/div/div[1]/div/input\"}\n  (Session info: chrome=88.0.4324.150)",
    "statusTrace" : "self = <pytest_test.cases.test_login.Test_login object at 0x02CA9E70>\nusername = {'cases': [{'method': 'getUrl', 'name': '打开用户管理页面', 'url': 'http://boxadmin.smartbearkit.com/#/baseManager/userManager...r': '//*[@id=\"app\"]/div/div/section/div/div[1]/button[1]/span', 'method': 'click', 'name': '点击登录'}], 'title': '用户管理查询'}\n\n    @allure.story(\"用户界面搜索用例\")\n    @pytest.mark.parametrize('username',datas['userManagePage'])\n    def test_zsearchUser(self,username):\n        casedatas = username['cases']\n        log.info(casedatas)\n        for cases in (casedatas):\n            listcase = list(cases.values())\n            with allure.step(listcase[0]):\n                print(listcase)\n                func = getattr(self.web, listcase[1])\n                values = listcase[2:]\n>               func(*values)\n\ncases\\test_login.py:48: \n_ _ _ _ _ _ _ _ _ _ _ _ _ _ _ _ _ _ _ _ _ _ _ _ _ _ _ _ _ _ _ _ _ _ _ _ _ _ _ _\noperate\\webKeywords.py:70: in input\n    ele =self.__find_element(locator)\noperate\\webKeywords.py:51: in __find_element\n    ele = self.driver.find_element_by_xpath(locator)\nvenv\\lib\\site-packages\\selenium\\webdriver\\remote\\webdriver.py:394: in find_element_by_xpath\n    return self.find_element(by=By.XPATH, value=xpath)\nvenv\\lib\\site-packages\\selenium\\webdriver\\remote\\webdriver.py:978: in find_element\n    'value': value})['value']\nvenv\\lib\\site-packages\\selenium\\webdriver\\remote\\webdriver.py:321: in execute\n    self.error_handler.check_response(response)\n_ _ _ _ _ _ _ _ _ _ _ _ _ _ _ _ _ _ _ _ _ _ _ _ _ _ _ _ _ _ _ _ _ _ _ _ _ _ _ _\n\nself = <selenium.webdriver.remote.errorhandler.ErrorHandler object at 0x02CA9A30>\nresponse = {'status': 404, 'value': '{\"value\":{\"error\":\"no such element\",\"message\":\"no such element: Unable to locate element: {\\...7B7EFAC+18]\\\\n\\\\tRtlInitializeExceptionChain [0x77A23618+239]\\\\n\\\\tRtlInitializeExceptionChain [0x77A235EB+194]\\\\n\"}}'}\n\n    def check_response(self, response):\n        \"\"\"\n        Checks that a JSON response from the WebDriver does not have an error.\n    \n        :Args:\n         - response - The JSON response from the WebDriver server as a dictionary\n           object.\n    \n        :Raises: If the response contains an error message.\n        \"\"\"\n        status = response.get('status', None)\n        if status is None or status == ErrorCode.SUCCESS:\n            return\n        value = None\n        message = response.get(\"message\", \"\")\n        screen = response.get(\"screen\", \"\")\n        stacktrace = None\n        if isinstance(status, int):\n            value_json = response.get('value', None)\n            if value_json and isinstance(value_json, basestring):\n                import json\n                try:\n                    value = json.loads(value_json)\n                    if len(value.keys()) == 1:\n                        value = value['value']\n                    status = value.get('error', None)\n                    if status is None:\n                        status = value[\"status\"]\n                        message = value[\"value\"]\n                        if not isinstance(message, basestring):\n                            value = message\n                            message = message.get('message')\n                    else:\n                        message = value.get('message', None)\n                except ValueError:\n                    pass\n    \n        exception_class = ErrorInResponseException\n        if status in ErrorCode.NO_SUCH_ELEMENT:\n            exception_class = NoSuchElementException\n        elif status in ErrorCode.NO_SUCH_FRAME:\n            exception_class = NoSuchFrameException\n        elif status in ErrorCode.NO_SUCH_WINDOW:\n            exception_class = NoSuchWindowException\n        elif status in ErrorCode.STALE_ELEMENT_REFERENCE:\n            exception_class = StaleElementReferenceException\n        elif status in ErrorCode.ELEMENT_NOT_VISIBLE:\n            exception_class = ElementNotVisibleException\n        elif status in ErrorCode.INVALID_ELEMENT_STATE:\n            exception_class = InvalidElementStateException\n        elif status in ErrorCode.INVALID_SELECTOR \\\n                or status in ErrorCode.INVALID_XPATH_SELECTOR \\\n                or status in ErrorCode.INVALID_XPATH_SELECTOR_RETURN_TYPER:\n            exception_class = InvalidSelectorException\n        elif status in ErrorCode.ELEMENT_IS_NOT_SELECTABLE:\n            exception_class = ElementNotSelectableException\n        elif status in ErrorCode.ELEMENT_NOT_INTERACTABLE:\n            exception_class = ElementNotInteractableException\n        elif status in ErrorCode.INVALID_COOKIE_DOMAIN:\n            exception_class = InvalidCookieDomainException\n        elif status in ErrorCode.UNABLE_TO_SET_COOKIE:\n            exception_class = UnableToSetCookieException\n        elif status in ErrorCode.TIMEOUT:\n            exception_class = TimeoutException\n        elif status in ErrorCode.SCRIPT_TIMEOUT:\n            exception_class = TimeoutException\n        elif status in ErrorCode.UNKNOWN_ERROR:\n            exception_class = WebDriverException\n        elif status in ErrorCode.UNEXPECTED_ALERT_OPEN:\n            exception_class = UnexpectedAlertPresentException\n        elif status in ErrorCode.NO_ALERT_OPEN:\n            exception_class = NoAlertPresentException\n        elif status in ErrorCode.IME_NOT_AVAILABLE:\n            exception_class = ImeNotAvailableException\n        elif status in ErrorCode.IME_ENGINE_ACTIVATION_FAILED:\n            exception_class = ImeActivationFailedException\n        elif status in ErrorCode.MOVE_TARGET_OUT_OF_BOUNDS:\n            exception_class = MoveTargetOutOfBoundsException\n        elif status in ErrorCode.JAVASCRIPT_ERROR:\n            exception_class = JavascriptException\n        elif status in ErrorCode.SESSION_NOT_CREATED:\n            exception_class = SessionNotCreatedException\n        elif status in ErrorCode.INVALID_ARGUMENT:\n            exception_class = InvalidArgumentException\n        elif status in ErrorCode.NO_SUCH_COOKIE:\n            exception_class = NoSuchCookieException\n        elif status in ErrorCode.UNABLE_TO_CAPTURE_SCREEN:\n            exception_class = ScreenshotException\n        elif status in ErrorCode.ELEMENT_CLICK_INTERCEPTED:\n            exception_class = ElementClickInterceptedException\n        elif status in ErrorCode.INSECURE_CERTIFICATE:\n            exception_class = InsecureCertificateException\n        elif status in ErrorCode.INVALID_COORDINATES:\n            exception_class = InvalidCoordinatesException\n        elif status in ErrorCode.INVALID_SESSION_ID:\n            exception_class = InvalidSessionIdException\n        elif status in ErrorCode.UNKNOWN_METHOD:\n            exception_class = UnknownMethodException\n        else:\n            exception_class = WebDriverException\n        if value == '' or value is None:\n            value = response['value']\n        if isinstance(value, basestring):\n            if exception_class == ErrorInResponseException:\n                raise exception_class(response, value)\n            raise exception_class(value)\n        if message == \"\" and 'message' in value:\n            message = value['message']\n    \n        screen = None\n        if 'screen' in value:\n            screen = value['screen']\n    \n        stacktrace = None\n        if 'stackTrace' in value and value['stackTrace']:\n            stacktrace = []\n            try:\n                for frame in value['stackTrace']:\n                    line = self._value_or_default(frame, 'lineNumber', '')\n                    file = self._value_or_default(frame, 'fileName', '<anonymous>')\n                    if line:\n                        file = \"%s:%s\" % (file, line)\n                    meth = self._value_or_default(frame, 'methodName', '<anonymous>')\n                    if 'className' in frame:\n                        meth = \"%s.%s\" % (frame['className'], meth)\n                    msg = \"    at %s (%s)\"\n                    msg = msg % (meth, file)\n                    stacktrace.append(msg)\n            except TypeError:\n                pass\n        if exception_class == ErrorInResponseException:\n            raise exception_class(response, message)\n        elif exception_class == UnexpectedAlertPresentException:\n            alert_text = None\n            if 'data' in value:\n                alert_text = value['data'].get('text')\n            elif 'alert' in value:\n                alert_text = value['alert'].get('text')\n            raise exception_class(message, screen, stacktrace, alert_text)\n>       raise exception_class(message, screen, stacktrace)\nE       selenium.common.exceptions.NoSuchElementException: Message: no such element: Unable to locate element: {\"method\":\"xpath\",\"selector\":\"//*[@id=\"app\"]/div/div/section/div/div[1]/div/input\"}\nE         (Session info: chrome=88.0.4324.150)\n\nvenv\\lib\\site-packages\\selenium\\webdriver\\remote\\errorhandler.py:242: NoSuchElementException",
    "steps" : [ {
      "name" : "打开用户管理页面",
      "time" : {
        "start" : 1613289845167,
        "stop" : 1613289845200,
        "duration" : 33
      },
      "status" : "passed",
      "steps" : [ ],
      "attachments" : [ ],
      "parameters" : [ ],
      "stepsCount" : 0,
      "hasContent" : false,
      "attachmentsCount" : 0,
      "shouldDisplayMessage" : false
    }, {
      "name" : "输入用户名",
      "time" : {
        "start" : 1613289845200,
        "stop" : 1613289855228,
        "duration" : 10028
      },
      "status" : "broken",
      "statusMessage" : "selenium.common.exceptions.NoSuchElementException: Message: no such element: Unable to locate element: {\"method\":\"xpath\",\"selector\":\"//*[@id=\"app\"]/div/div/section/div/div[1]/div/input\"}\n  (Session info: chrome=88.0.4324.150)\n\n",
      "statusTrace" : "  File \"D:\\pytest_test\\cases\\test_login.py\", line 48, in test_zsearchUser\n    func(*values)\n  File \"D:\\pytest_test\\operate\\webKeywords.py\", line 70, in input\n    ele =self.__find_element(locator)\n  File \"D:\\pytest_test\\operate\\webKeywords.py\", line 51, in __find_element\n    ele = self.driver.find_element_by_xpath(locator)\n  File \"D:\\pytest_test\\venv\\lib\\site-packages\\selenium\\webdriver\\remote\\webdriver.py\", line 394, in find_element_by_xpath\n    return self.find_element(by=By.XPATH, value=xpath)\n  File \"D:\\pytest_test\\venv\\lib\\site-packages\\selenium\\webdriver\\remote\\webdriver.py\", line 978, in find_element\n    'value': value})['value']\n  File \"D:\\pytest_test\\venv\\lib\\site-packages\\selenium\\webdriver\\remote\\webdriver.py\", line 321, in execute\n    self.error_handler.check_response(response)\n  File \"D:\\pytest_test\\venv\\lib\\site-packages\\selenium\\webdriver\\remote\\errorhandler.py\", line 242, in check_response\n    raise exception_class(message, screen, stacktrace)\n",
      "steps" : [ ],
      "attachments" : [ ],
      "parameters" : [ ],
      "stepsCount" : 0,
      "hasContent" : true,
      "attachmentsCount" : 0,
      "shouldDisplayMessage" : true
    } ],
    "attachments" : [ {
      "uid" : "c5ab5d854a40c2c7",
      "name" : "失败截图20210214160421",
      "source" : "c5ab5d854a40c2c7.png",
      "type" : "image/png",
      "size" : 4700
    }, {
      "uid" : "ba27ad522c04864a",
      "name" : "log",
      "source" : "ba27ad522c04864a.txt",
      "type" : "text/plain",
      "size" : 1744
    } ],
    "parameters" : [ ],
    "stepsCount" : 2,
    "hasContent" : true,
    "attachmentsCount" : 2,
    "shouldDisplayMessage" : true
  },
  "afterStages" : [ {
    "name" : "xunit_setup_class_fixture_Test_login::0",
    "time" : {
      "start" : 1613289861377,
      "stop" : 1613289861380,
      "duration" : 3
    },
    "status" : "broken",
    "statusMessage" : "AttributeError: 'WebKeywords' object has no attribute 'quit'\n",
    "statusTrace" : "  File \"D:\\pytest_test\\venv\\lib\\site-packages\\allure_commons\\_allure.py\", line 200, in __call__\n    return self._fixture_function(*args, **kwargs)\n  File \"D:\\pytest_test\\venv\\lib\\site-packages\\_pytest\\fixtures.py\", line 941, in _teardown_yield_fixture\n    next(it)\n  File \"D:\\pytest_test\\venv\\lib\\site-packages\\_pytest\\python.py\", line 815, in xunit_setup_class_fixture\n    _call_with_optional_argument(func, self.obj)\n  File \"D:\\pytest_test\\venv\\lib\\site-packages\\_pytest\\python.py\", line 739, in _call_with_optional_argument\n    func(arg)\n  File \"D:\\pytest_test\\cases\\test_login.py\", line 51, in teardown_class\n    self.web.quit()\n",
    "steps" : [ ],
    "attachments" : [ ],
    "parameters" : [ ],
    "stepsCount" : 0,
    "hasContent" : true,
    "attachmentsCount" : 0,
    "shouldDisplayMessage" : true
  }, {
    "name" : "browser::fn",
    "time" : {
      "start" : 1613289861417,
      "stop" : 1613289865623,
      "duration" : 4206
    },
    "status" : "passed",
    "steps" : [ ],
    "attachments" : [ ],
    "parameters" : [ ],
    "stepsCount" : 0,
    "hasContent" : false,
    "attachmentsCount" : 0,
    "shouldDisplayMessage" : false
  } ],
  "labels" : [ {
    "name" : "story",
    "value" : "用户界面搜索用例"
  }, {
    "name" : "feature",
    "value" : "后台系统"
  }, {
    "name" : "parentSuite",
    "value" : "cases"
  }, {
    "name" : "suite",
    "value" : "test_login"
  }, {
    "name" : "subSuite",
    "value" : "Test_login"
  }, {
    "name" : "host",
    "value" : "PC-20160329AGKD"
  }, {
    "name" : "thread",
    "value" : "10084-MainThread"
  }, {
    "name" : "framework",
    "value" : "pytest"
  }, {
    "name" : "language",
    "value" : "cpython3"
  }, {
    "name" : "package",
    "value" : "cases.test_login"
  }, {
    "name" : "resultFormat",
    "value" : "allure2"
  } ],
  "parameters" : [ {
    "name" : "username",
    "value" : "{'title': '用户管理查询', 'cases': [{'name': '打开用户管理页面', 'method': 'getUrl', 'url': 'http://boxadmin.smartbearkit.com/#/baseManager/userManager'}, {'name': '输入用户名', 'method': 'input', 'locator': '//*[@id=\"app\"]/div/div/section/div/div[1]/div/input', 'value': 'ccx'}, {'name': '点击登录', 'method': 'click', 'locator': '//*[@id=\"app\"]/div/div/section/div/div[1]/button[1]/span'}]}"
  } ],
  "links" : [ ],
  "hidden" : false,
  "retry" : false,
  "extra" : {
    "severity" : "normal",
    "retries" : [ {
      "uid" : "451115634cd54e52",
      "status" : "broken",
      "statusDetails" : "selenium.common.exceptions.NoSuchElementException: Message: no such element: Unable to locate element: {\"method\":\"xpath\",\"selector\":\"//*[@id=\"app\"]/div/div/section/div/div[1]/div/input\"}\n  (Session info: chrome=88.0.4324.150)",
      "time" : {
        "start" : 1613289694289,
        "stop" : 1613289704361,
        "duration" : 10072
      }
    }, {
      "uid" : "e4a4217616c0badd",
      "status" : "broken",
      "statusDetails" : "selenium.common.exceptions.NoSuchElementException: Message: no such element: Unable to locate element: {\"method\":\"xpath\",\"selector\":\"//*[@id=\"app\"]/div/div/section/div/div[1]/div/input\"}\n  (Session info: chrome=88.0.4324.150)",
      "time" : {
        "start" : 1613289423715,
        "stop" : 1613289433820,
        "duration" : 10105
      }
    }, {
      "uid" : "af8d29d4861ed758",
      "status" : "broken",
      "statusDetails" : "AttributeError: 'WebKeywords' object has no attribute 'driver'",
      "time" : {
        "start" : 1613282443563,
        "stop" : 1613282443564,
        "duration" : 1
      }
    }, {
      "uid" : "790908aac68ede50",
      "status" : "broken",
      "statusDetails" : "TypeError: 'str' object is not callable",
      "time" : {
        "start" : 1613282336716,
        "stop" : 1613282336718,
        "duration" : 2
      }
    }, {
      "uid" : "f729db129df41779",
      "status" : "broken",
      "statusDetails" : "TypeError: 'str' object is not callable",
      "time" : {
        "start" : 1613281902839,
        "stop" : 1613281902840,
        "duration" : 1
      }
    }, {
      "uid" : "f9fb26175904beb1",
      "status" : "broken",
      "statusDetails" : "TypeError: 'str' object is not callable",
      "time" : {
        "start" : 1613278505795,
        "stop" : 1613278505796,
        "duration" : 1
      }
    }, {
      "uid" : "488ebfd24d329549",
      "status" : "broken",
      "statusDetails" : "TypeError: 'str' object is not callable",
      "time" : {
        "start" : 1613278442499,
        "stop" : 1613278442500,
        "duration" : 1
      }
    }, {
      "uid" : "40063a53459b827b",
      "status" : "broken",
      "statusDetails" : "TypeError: 'str' object is not callable",
      "time" : {
        "start" : 1613276658825,
        "stop" : 1613276658826,
        "duration" : 1
      }
    }, {
      "uid" : "af39ef825582c841",
      "status" : "broken",
      "statusDetails" : "AttributeError: 'Test_login' object has no attribute 'web'",
      "time" : {
        "start" : 1613271272025,
        "stop" : 1613271272026,
        "duration" : 1
      }
    }, {
      "uid" : "d78d062f63de29f3",
      "status" : "broken",
      "statusDetails" : "AttributeError: 'Test_login' object has no attribute 'web'",
      "time" : {
        "start" : 1613270997323,
        "stop" : 1613270997325,
        "duration" : 2
      }
    } ],
    "categories" : [ {
      "name" : "Test defects",
      "matchedStatuses" : [ ],
      "flaky" : false
    } ],
    "tags" : [ ]
  },
  "source" : "b21984f4ed8ce825.json",
  "parameterValues" : [ "{'title': '用户管理查询', 'cases': [{'name': '打开用户管理页面', 'method': 'getUrl', 'url': 'http://boxadmin.smartbearkit.com/#/baseManager/userManager'}, {'name': '输入用户名', 'method': 'input', 'locator': '//*[@id=\"app\"]/div/div/section/div/div[1]/div/input', 'value': 'ccx'}, {'name': '点击登录', 'method': 'click', 'locator': '//*[@id=\"app\"]/div/div/section/div/div[1]/button[1]/span'}]}" ]
}